 Container activities-server-1  Stopping
 Container activities-server-1  Stopped
 Container activities-server-1  Removing
 Container activities-server-1  Removed
 Network activities_default  Removing
 Network activities_default  Removed
Compose can now delegate builds to bake for better performance.
 To do so, set COMPOSE_BAKE=true.
#0 building with "default" instance using docker driver

#1 [server internal] load build definition from server.Dockerfile
#1 transferring dockerfile: 456B done
#1 DONE 0.0s

#2 [server internal] load metadata for docker.io/library/node:18
#2 DONE 1.3s

#3 [server internal] load .dockerignore
#3 transferring context: 2B done
#3 DONE 0.0s

#4 [server 1/8] FROM docker.io/library/node:18@sha256:c6ae79e38498325db67193d391e6ec1d224d96c693a8a4d943498556716d3783
#4 DONE 0.0s

#5 [server 2/8] WORKDIR /app
#5 CACHED

#6 [server internal] load build context
#6 transferring context: 17.03kB 0.0s done
#6 DONE 0.0s

#7 [server 3/8] COPY package*.json ./
#7 DONE 0.0s

#8 [server 4/8] RUN npm ci --only=production
#8 0.399 npm warn config only Use `--omit=dev` to omit dev dependencies from the install.
#8 1.106 npm warn EBADENGINE Unsupported engine {
#8 1.106 npm warn EBADENGINE   package: 'better-sqlite3@12.5.0',
#8 1.106 npm warn EBADENGINE   required: { node: '20.x || 22.x || 23.x || 24.x || 25.x' },
#8 1.106 npm warn EBADENGINE   current: { node: 'v18.20.8', npm: '10.8.2' }
#8 1.106 npm warn EBADENGINE }
#8 1.114 npm error code EUSAGE
#8 1.115 npm error
#8 1.115 npm error `npm ci` can only install packages when your package.json and package-lock.json or npm-shrinkwrap.json are in sync. Please update your lock file with `npm install` before continuing.
#8 1.115 npm error
#8 1.115 npm error Missing: bcryptjs@2.4.3 from lock file
#8 1.115 npm error
#8 1.115 npm error Clean install a project
#8 1.115 npm error
#8 1.115 npm error Usage:
#8 1.115 npm error npm ci
#8 1.115 npm error
#8 1.115 npm error Options:
#8 1.115 npm error [--install-strategy <hoisted|nested|shallow|linked>] [--legacy-bundling]
#8 1.115 npm error [--global-style] [--omit <dev|optional|peer> [--omit <dev|optional|peer> ...]]
#8 1.115 npm error [--include <prod|dev|optional|peer> [--include <prod|dev|optional|peer> ...]]
#8 1.115 npm error [--strict-peer-deps] [--foreground-scripts] [--ignore-scripts] [--no-audit]
#8 1.115 npm error [--no-bin-links] [--no-fund] [--dry-run]
#8 1.115 npm error [-w|--workspace <workspace-name> [-w|--workspace <workspace-name> ...]]
#8 1.115 npm error [-ws|--workspaces] [--include-workspace-root] [--install-links]
#8 1.115 npm error
#8 1.115 npm error aliases: clean-install, ic, install-clean, isntall-clean
#8 1.115 npm error
#8 1.115 npm error Run "npm help ci" for more info
#8 1.116 npm notice
#8 1.116 npm notice New major version of npm available! 10.8.2 -> 11.7.0
#8 1.116 npm notice Changelog: https://github.com/npm/cli/releases/tag/v11.7.0
#8 1.116 npm notice To update run: npm install -g npm@11.7.0
#8 1.116 npm notice
#8 1.116 npm error A complete log of this run can be found in: /root/.npm/_logs/2025-12-13T03_50_57_996Z-debug-0.log
#8 ERROR: process "/bin/sh -c npm ci --only=production" did not complete successfully: exit code: 1
------
 > [server 4/8] RUN npm ci --only=production:
1.115 npm error
1.115 npm error aliases: clean-install, ic, install-clean, isntall-clean
1.115 npm error
1.115 npm error Run "npm help ci" for more info
1.116 npm notice
1.116 npm notice New major version of npm available! 10.8.2 -> 11.7.0
1.116 npm notice Changelog: https://github.com/npm/cli/releases/tag/v11.7.0
1.116 npm notice To update run: npm install -g npm@11.7.0
1.116 npm notice
1.116 npm error A complete log of this run can be found in: /root/.npm/_logs/2025-12-13T03_50_57_996Z-debug-0.log
------
failed to solve: process "/bin/sh -c npm ci --only=production" did not complete successfully: exit code: 1
npm WARN read-shrinkwrap This version of npm is compatible with lockfileVersion@1, but package-lock.json was generated for lockfileVersion@3. I'll try to do my best with it!
npm WARN deprecated rimraf@3.0.2: Rimraf versions prior to v4 are no longer supported
npm WARN deprecated glob@7.2.3: Glob versions prior to v9 are no longer supported
npm WARN deprecated npmlog@6.0.2: This package is no longer supported.
npm WARN deprecated inflight@1.0.6: This module is not supported, and leaks memory. Do not use it. Check out lru-cache if you want a good and tested way to coalesce async requests by a key value, which is much more comprehensive and powerful.
npm WARN deprecated @npmcli/move-file@1.1.2: This functionality has been moved to @npmcli/fs
npm WARN deprecated are-we-there-yet@3.0.1: This package is no longer supported.
npm WARN deprecated gauge@4.0.4: This package is no longer supported.

> better-sqlite3@12.5.0 install /root/code/Activities/server/node_modules/better-sqlite3
> prebuild-install || node-gyp rebuild --release

prebuild-install warn install No prebuilt binaries found (target=10.19.0 runtime=node arch=x64 libc= platform=linux)
/usr/share/nodejs/node-gyp/gyp/gyp_main.py:6: UserWarning: pkg_resources is deprecated as an API. See https://setuptools.pypa.io/en/latest/pkg_resources.html. The pkg_resources package is slated for removal as early as 2025-11-30. Refrain from using this package or pin to Setuptools<81.
  from pkg_resources import load_entry_point
Traceback (most recent call last):
  File "/usr/share/nodejs/node-gyp/gyp/gyp_main.py", line 6, in <module>
    from pkg_resources import load_entry_point
  File "/root/miniforge3/envs/tools/lib/python3.10/site-packages/pkg_resources/__init__.py", line 3661, in <module>
    def _initialize_master_working_set() -> None:
  File "/root/miniforge3/envs/tools/lib/python3.10/site-packages/pkg_resources/__init__.py", line 3644, in _call_aside
    f(*args, **kwargs)
  File "/root/miniforge3/envs/tools/lib/python3.10/site-packages/pkg_resources/__init__.py", line 3673, in _initialize_master_working_set
    working_set = _declare_state('object', 'working_set', WorkingSet._build_master())
  File "/root/miniforge3/envs/tools/lib/python3.10/site-packages/pkg_resources/__init__.py", line 653, in _build_master
    ws.require(__requires__)
  File "/root/miniforge3/envs/tools/lib/python3.10/site-packages/pkg_resources/__init__.py", line 1065, in require
    needed = self.resolve(parse_requirements(requirements))
  File "/root/miniforge3/envs/tools/lib/python3.10/site-packages/pkg_resources/__init__.py", line 892, in resolve
    dist = self._resolve_dist(
  File "/root/miniforge3/envs/tools/lib/python3.10/site-packages/pkg_resources/__init__.py", line 933, in _resolve_dist
    raise DistributionNotFound(req, requirers)
pkg_resources.DistributionNotFound: The 'gyp==0.1' distribution was not found and is required by the application
gyp ERR! configure error 
gyp ERR! stack Error: `gyp` failed with exit code: 1
gyp ERR! stack     at ChildProcess.onCpExit (/usr/share/nodejs/node-gyp/lib/configure.js:355:16)
gyp ERR! stack     at ChildProcess.emit (events.js:198:13)
gyp ERR! stack     at Process.ChildProcess._handle.onexit (internal/child_process.js:248:12)
gyp ERR! System Linux 5.4.0-216-generic
gyp ERR! command "/usr/bin/node" "/usr/bin/node-gyp" "rebuild" "--release"
gyp ERR! cwd /root/code/Activities/server/node_modules/better-sqlite3
gyp ERR! node -v v10.19.0
gyp ERR! node-gyp -v v6.1.0
gyp ERR! not ok 
npm WARN notsup Unsupported engine for better-sqlite3@12.5.0: wanted: {"node":"20.x || 22.x || 23.x || 24.x || 25.x"} (current: {"node":"10.19.0","npm":"6.14.4"})
npm WARN notsup Not compatible with your version of node/npm: better-sqlite3@12.5.0
npm WARN notsup Unsupported engine for express@5.2.1: wanted: {"node":">= 18"} (current: {"node":"10.19.0","npm":"6.14.4"})
npm WARN notsup Not compatible with your version of node/npm: express@5.2.1
npm WARN notsup Unsupported engine for router@2.2.0: wanted: {"node":">= 18"} (current: {"node":"10.19.0","npm":"6.14.4"})
npm WARN notsup Not compatible with your version of node/npm: router@2.2.0
npm WARN notsup Unsupported engine for send@1.2.0: wanted: {"node":">= 18"} (current: {"node":"10.19.0","npm":"6.14.4"})
npm WARN notsup Not compatible with your version of node/npm: send@1.2.0
npm WARN notsup Unsupported engine for body-parser@2.2.1: wanted: {"node":">=18"} (current: {"node":"10.19.0","npm":"6.14.4"})
npm WARN notsup Not compatible with your version of node/npm: body-parser@2.2.1
npm WARN notsup Unsupported engine for mime-types@3.0.2: wanted: {"node":">=18"} (current: {"node":"10.19.0","npm":"6.14.4"})
npm WARN notsup Not compatible with your version of node/npm: mime-types@3.0.2
npm WARN notsup Unsupported engine for finalhandler@2.1.1: wanted: {"node":">= 18.0.0"} (current: {"node":"10.19.0","npm":"6.14.4"})
npm WARN notsup Not compatible with your version of node/npm: finalhandler@2.1.1
npm WARN notsup Unsupported engine for merge-descriptors@2.0.0: wanted: {"node":">=18"} (current: {"node":"10.19.0","npm":"6.14.4"})
npm WARN notsup Not compatible with your version of node/npm: merge-descriptors@2.0.0
npm WARN notsup Unsupported engine for content-disposition@1.0.1: wanted: {"node":">=18"} (current: {"node":"10.19.0","npm":"6.14.4"})
npm WARN notsup Not compatible with your version of node/npm: content-disposition@1.0.1
npm WARN notsup Unsupported engine for serve-static@2.2.0: wanted: {"node":">= 18"} (current: {"node":"10.19.0","npm":"6.14.4"})
npm WARN notsup Not compatible with your version of node/npm: serve-static@2.2.0
npm WARN notsup Unsupported engine for npmlog@6.0.2: wanted: {"node":"^12.13.0 || ^14.15.0 || >=16.0.0"} (current: {"node":"10.19.0","npm":"6.14.4"})
npm WARN notsup Not compatible with your version of node/npm: npmlog@6.0.2
npm WARN notsup Unsupported engine for ip-address@10.1.0: wanted: {"node":">= 12"} (current: {"node":"10.19.0","npm":"6.14.4"})
npm WARN notsup Not compatible with your version of node/npm: ip-address@10.1.0
npm WARN notsup Unsupported engine for are-we-there-yet@3.0.1: wanted: {"node":"^12.13.0 || ^14.15.0 || >=16.0.0"} (current: {"node":"10.19.0","npm":"6.14.4"})
npm WARN notsup Not compatible with your version of node/npm: are-we-there-yet@3.0.1
npm WARN notsup Unsupported engine for gauge@4.0.4: wanted: {"node":"^12.13.0 || ^14.15.0 || >=16.0.0"} (current: {"node":"10.19.0","npm":"6.14.4"})
npm WARN notsup Not compatible with your version of node/npm: gauge@4.0.4
npm WARN server@1.0.0 No description
npm WARN server@1.0.0 No repository field.

npm ERR! code ELIFECYCLE
npm ERR! errno 1
npm ERR! better-sqlite3@12.5.0 install: `prebuild-install || node-gyp rebuild --release`
npm ERR! Exit status 1
npm ERR! 
npm ERR! Failed at the better-sqlite3@12.5.0 install script.
npm ERR! This is probably not a problem with npm. There is likely additional logging output above.

npm ERR! A complete log of this run can be found in:
npm ERR!     /root/.npm/_logs/2025-12-13T03_54_53_466Z-debug.log

up to date in 521ms
npm notice
npm notice New major version of npm available! 10.8.2 -> 11.7.0
npm notice Changelog: https://github.com/npm/cli/releases/tag/v11.7.0
npm notice To update run: npm install -g npm@11.7.0
npm notice
Compose can now delegate builds to bake for better performance.
 To do so, set COMPOSE_BAKE=true.
#0 building with "default" instance using docker driver

#1 [server internal] load build definition from server.Dockerfile
#1 transferring dockerfile: 456B done
#1 DONE 0.0s

#2 [server internal] load metadata for docker.io/library/node:20
#2 DONE 0.0s

#3 [server internal] load .dockerignore
#3 transferring context: 2B done
#3 DONE 0.0s

#4 [server internal] load build context
#4 transferring context: 81.84kB 0.0s done
#4 DONE 0.0s

#5 [server 1/8] FROM docker.io/library/node:20
#5 DONE 0.0s

#6 [server 2/8] WORKDIR /app
#6 DONE 0.0s

#7 [server 3/8] COPY package*.json ./
#7 DONE 0.0s

#8 [server 4/8] RUN npm ci --only=production
#8 0.306 npm warn config only Use `--omit=dev` to omit dev dependencies from the install.
#8 1.804 npm warn deprecated rimraf@3.0.2: Rimraf versions prior to v4 are no longer supported
#8 1.838 npm warn deprecated inflight@1.0.6: This module is not supported, and leaks memory. Do not use it. Check out lru-cache if you want a good and tested way to coalesce async requests by a key value, which is much more comprehensive and powerful.
#8 1.848 npm warn deprecated npmlog@6.0.2: This package is no longer supported.
#8 1.904 npm warn deprecated glob@7.2.3: Glob versions prior to v9 are no longer supported
#8 1.935 npm warn deprecated @npmcli/move-file@1.1.2: This functionality has been moved to @npmcli/fs
#8 1.944 npm warn deprecated gauge@4.0.4: This package is no longer supported.
#8 1.945 npm warn deprecated are-we-there-yet@3.0.1: This package is no longer supported.
#8 2.441 
#8 2.441 added 187 packages, and audited 188 packages in 2s
#8 2.441 
#8 2.441 32 packages are looking for funding
#8 2.441   run `npm fund` for details
#8 2.443 
#8 2.443 found 0 vulnerabilities
#8 2.444 npm notice
#8 2.444 npm notice New major version of npm available! 10.8.2 -> 11.7.0
#8 2.444 npm notice Changelog: https://github.com/npm/cli/releases/tag/v11.7.0
#8 2.444 npm notice To update run: npm install -g npm@11.7.0
#8 2.444 npm notice
#8 DONE 2.5s

#9 [server 5/8] COPY app.js .
#9 DONE 0.0s

#10 [server 6/8] COPY db.js .
#10 DONE 0.0s

#11 [server 7/8] COPY schema.sql .
#11 DONE 0.0s

#12 [server 8/8] RUN mkdir -p /data && chmod 777 /data
#12 DONE 0.2s

#13 [server] exporting to image
#13 exporting layers
#13 exporting layers 0.4s done
#13 writing image sha256:5efe83b940f567e0c74cf433abb290d83cf494fcbf2639de61404b30ae4a8e03 done
#13 naming to docker.io/library/activities-server done
#13 DONE 0.4s

#14 [server] resolving provenance for metadata file
#14 DONE 0.0s
 server  Built
 Network activities_default  Creating
 Network activities_default  Created
 Container activities-server-1  Creating
 Container activities-server-1  Created
 Container activities-server-1  Starting
 Container activities-server-1  Started

up to date in 505ms
npm notice
npm notice New major version of npm available! 10.8.2 -> 11.7.0
npm notice Changelog: https://github.com/npm/cli/releases/tag/v11.7.0
npm notice To update run: npm install -g npm@11.7.0
npm notice
 Container activities-server-1  Stopping
 Container activities-server-1  Stopped
 Container activities-server-1  Removing
 Container activities-server-1  Removed
 Network activities_default  Removing
 Network activities_default  Removed
Compose can now delegate builds to bake for better performance.
 To do so, set COMPOSE_BAKE=true.
#0 building with "default" instance using docker driver

#1 [server internal] load build definition from server.Dockerfile
#1 transferring dockerfile: 456B done
#1 DONE 0.0s

#2 [server internal] load metadata for docker.io/library/node:20
#2 DONE 0.0s

#3 [server internal] load .dockerignore
#3 transferring context: 2B done
#3 DONE 0.0s

#4 [server 1/8] FROM docker.io/library/node:20
#4 DONE 0.0s

#5 [server 2/8] WORKDIR /app
#5 CACHED

#6 [server internal] load build context
#6 transferring context: 81.84kB 0.0s done
#6 DONE 0.0s

#7 [server 3/8] COPY package*.json ./
#7 DONE 0.0s

#8 [server 4/8] RUN npm ci --only=production
#8 0.254 npm warn config only Use `--omit=dev` to omit dev dependencies from the install.
#8 1.797 npm warn deprecated rimraf@3.0.2: Rimraf versions prior to v4 are no longer supported
#8 1.846 npm warn deprecated inflight@1.0.6: This module is not supported, and leaks memory. Do not use it. Check out lru-cache if you want a good and tested way to coalesce async requests by a key value, which is much more comprehensive and powerful.
#8 1.865 npm warn deprecated npmlog@6.0.2: This package is no longer supported.
#8 1.949 npm warn deprecated are-we-there-yet@3.0.1: This package is no longer supported.
#8 1.954 npm warn deprecated glob@7.2.3: Glob versions prior to v9 are no longer supported
#8 2.039 npm warn deprecated @npmcli/move-file@1.1.2: This functionality has been moved to @npmcli/fs
#8 2.042 npm warn deprecated gauge@4.0.4: This package is no longer supported.
#8 2.705 
#8 2.705 added 187 packages, and audited 188 packages in 2s
#8 2.705 
#8 2.706 32 packages are looking for funding
#8 2.706   run `npm fund` for details
#8 2.707 
#8 2.707 found 0 vulnerabilities
#8 2.708 npm notice
#8 2.708 npm notice New major version of npm available! 10.8.2 -> 11.7.0
#8 2.708 npm notice Changelog: https://github.com/npm/cli/releases/tag/v11.7.0
#8 2.708 npm notice To update run: npm install -g npm@11.7.0
#8 2.708 npm notice
#8 DONE 2.8s

#9 [server 5/8] COPY app.js .
#9 DONE 0.0s

#10 [server 6/8] COPY db.js .
#10 DONE 0.0s

#11 [server 7/8] COPY schema.sql .
#11 DONE 0.0s

#12 [server 8/8] RUN mkdir -p /data && chmod 777 /data
#12 DONE 0.2s

#13 [server] exporting to image
#13 exporting layers
#13 exporting layers 0.4s done
#13 writing image sha256:89f5283b011d7be097c15f7255b8a8fedac5db3bea7b865411928cbae1ecea42 done
#13 naming to docker.io/library/activities-server done
#13 DONE 0.4s

#14 [server] resolving provenance for metadata file
#14 DONE 0.0s
 server  Built
 Network activities_default  Creating
 Network activities_default  Created
 Container activities-server-1  Creating
 Container activities-server-1  Created
 Container activities-server-1  Starting
 Container activities-server-1  Started

up to date in 545ms
npm notice
npm notice New major version of npm available! 10.8.2 -> 11.7.0
npm notice Changelog: https://github.com/npm/cli/releases/tag/v11.7.0
npm notice To update run: npm install -g npm@11.7.0
npm notice
 Container activities-server-1  Stopping
 Container activities-server-1  Stopped
 Container activities-server-1  Removing
 Container activities-server-1  Removed
 Network activities_default  Removing
 Network activities_default  Removed
Compose can now delegate builds to bake for better performance.
 To do so, set COMPOSE_BAKE=true.
#0 building with "default" instance using docker driver

#1 [server internal] load build definition from server.Dockerfile
#1 transferring dockerfile: 456B done
#1 DONE 0.0s

#2 [server internal] load metadata for docker.io/library/node:20
#2 DONE 0.0s

#3 [server internal] load .dockerignore
#3 transferring context: 2B done
#3 DONE 0.0s

#4 [server 1/8] FROM docker.io/library/node:20
#4 DONE 0.0s

#5 [server 2/8] WORKDIR /app
#5 CACHED

#6 [server internal] load build context
#6 transferring context: 100.96kB 0.0s done
#6 DONE 0.0s

#7 [server 3/8] COPY package*.json ./
#7 DONE 0.0s

#8 [server 4/8] RUN npm ci --only=production
#8 0.260 npm warn config only Use `--omit=dev` to omit dev dependencies from the install.
#8 1.788 npm warn deprecated rimraf@3.0.2: Rimraf versions prior to v4 are no longer supported
#8 1.806 npm warn deprecated npmlog@6.0.2: This package is no longer supported.
#8 1.855 npm warn deprecated inflight@1.0.6: This module is not supported, and leaks memory. Do not use it. Check out lru-cache if you want a good and tested way to coalesce async requests by a key value, which is much more comprehensive and powerful.
#8 1.952 npm warn deprecated @npmcli/move-file@1.1.2: This functionality has been moved to @npmcli/fs
#8 1.956 npm warn deprecated are-we-there-yet@3.0.1: This package is no longer supported.
#8 1.989 npm warn deprecated glob@7.2.3: Glob versions prior to v9 are no longer supported
#8 2.002 npm warn deprecated gauge@4.0.4: This package is no longer supported.
#8 2.821 
#8 2.821 added 187 packages, and audited 188 packages in 3s
#8 2.821 
#8 2.821 32 packages are looking for funding
#8 2.821   run `npm fund` for details
#8 2.822 
#8 2.822 found 0 vulnerabilities
#8 2.823 npm notice
#8 2.823 npm notice New major version of npm available! 10.8.2 -> 11.7.0
#8 2.823 npm notice Changelog: https://github.com/npm/cli/releases/tag/v11.7.0
#8 2.823 npm notice To update run: npm install -g npm@11.7.0
#8 2.823 npm notice
#8 DONE 2.9s

#9 [server 5/8] COPY app.js .
#9 DONE 0.0s

#10 [server 6/8] COPY db.js .
#10 DONE 0.0s

#11 [server 7/8] COPY schema.sql .
#11 DONE 0.0s

#12 [server 8/8] RUN mkdir -p /data && chmod 777 /data
#12 DONE 0.2s

#13 [server] exporting to image
#13 exporting layers
#13 exporting layers 0.3s done
#13 writing image sha256:ef24edcf6109777ea3201c4ee1eaef8e50d4fa93efaafa03d672628f21333516 done
#13 naming to docker.io/library/activities-server done
#13 DONE 0.3s

#14 [server] resolving provenance for metadata file
#14 DONE 0.0s
 server  Built
 Network activities_default  Creating
 Network activities_default  Created
 Container activities-server-1  Creating
 Container activities-server-1  Created
 Container activities-server-1  Starting
 Container activities-server-1  Started

up to date in 515ms
npm notice
npm notice New major version of npm available! 10.8.2 -> 11.7.0
npm notice Changelog: https://github.com/npm/cli/releases/tag/v11.7.0
npm notice To update run: npm install -g npm@11.7.0
npm notice
 Container activities-server-1  Stopping
 Container activities-server-1  Stopped
 Container activities-server-1  Removing
 Container activities-server-1  Removed
 Network activities_default  Removing
 Network activities_default  Removed
Compose can now delegate builds to bake for better performance.
 To do so, set COMPOSE_BAKE=true.
#0 building with "default" instance using docker driver

#1 [server internal] load build definition from server.Dockerfile
#1 transferring dockerfile: 456B done
#1 DONE 0.0s

#2 [server internal] load metadata for docker.io/library/node:20
#2 DONE 0.0s

#3 [server internal] load .dockerignore
#3 transferring context: 2B done
#3 DONE 0.0s

#4 [server 1/8] FROM docker.io/library/node:20
#4 DONE 0.0s

#5 [server 2/8] WORKDIR /app
#5 CACHED

#6 [server internal] load build context
#6 transferring context: 102.32kB 0.0s done
#6 DONE 0.0s

#7 [server 3/8] COPY package*.json ./
#7 DONE 0.0s

#8 [server 4/8] RUN npm ci --only=production
#8 0.266 npm warn config only Use `--omit=dev` to omit dev dependencies from the install.
#8 1.922 npm warn deprecated npmlog@6.0.2: This package is no longer supported.
#8 1.940 npm warn deprecated rimraf@3.0.2: Rimraf versions prior to v4 are no longer supported
#8 1.991 npm warn deprecated inflight@1.0.6: This module is not supported, and leaks memory. Do not use it. Check out lru-cache if you want a good and tested way to coalesce async requests by a key value, which is much more comprehensive and powerful.
#8 2.070 npm warn deprecated glob@7.2.3: Glob versions prior to v9 are no longer supported
#8 2.137 npm warn deprecated are-we-there-yet@3.0.1: This package is no longer supported.
#8 2.167 npm warn deprecated @npmcli/move-file@1.1.2: This functionality has been moved to @npmcli/fs
#8 2.198 npm warn deprecated gauge@4.0.4: This package is no longer supported.
#8 2.956 
#8 2.956 added 187 packages, and audited 188 packages in 3s
#8 2.956 
#8 2.956 32 packages are looking for funding
#8 2.956   run `npm fund` for details
#8 2.957 
#8 2.957 found 0 vulnerabilities
#8 2.958 npm notice
#8 2.958 npm notice New major version of npm available! 10.8.2 -> 11.7.0
#8 2.958 npm notice Changelog: https://github.com/npm/cli/releases/tag/v11.7.0
#8 2.958 npm notice To update run: npm install -g npm@11.7.0
#8 2.958 npm notice
#8 DONE 3.0s

#9 [server 5/8] COPY app.js .
#9 DONE 0.0s

#10 [server 6/8] COPY db.js .
#10 DONE 0.0s

#11 [server 7/8] COPY schema.sql .
#11 DONE 0.0s

#12 [server 8/8] RUN mkdir -p /data && chmod 777 /data
#12 DONE 0.2s

#13 [server] exporting to image
#13 exporting layers
#13 exporting layers 0.3s done
#13 writing image sha256:6f19cb996a0af20c8709ea5a066589732a7a33bf9633971dd1ffddef37b45c4f done
#13 naming to docker.io/library/activities-server done
#13 DONE 0.4s

#14 [server] resolving provenance for metadata file
#14 DONE 0.0s
 server  Built
 Network activities_default  Creating
 Network activities_default  Created
 Container activities-server-1  Creating
 Container activities-server-1  Created
 Container activities-server-1  Starting
 Container activities-server-1  Started
